{"level":"error","message":"Error: It appears you have done something like `app.use(helmet)`, but it should be `app.use(helmet())`.\n    at helmet (D:\\desktop files\\my projects\\node intermediate\\social-media-microservice\\api-gateway\\node_modules\\helmet\\index.cjs:512:10)\n    at Layer.handle [as handle_request] (D:\\desktop files\\my projects\\node intermediate\\social-media-microservice\\api-gateway\\node_modules\\express\\lib\\router\\layer.js:95:5)\n    at trim_prefix (D:\\desktop files\\my projects\\node intermediate\\social-media-microservice\\api-gateway\\node_modules\\express\\lib\\router\\index.js:328:13)\n    at D:\\desktop files\\my projects\\node intermediate\\social-media-microservice\\api-gateway\\node_modules\\express\\lib\\router\\index.js:286:9\n    at Function.process_params (D:\\desktop files\\my projects\\node intermediate\\social-media-microservice\\api-gateway\\node_modules\\express\\lib\\router\\index.js:346:12)\n    at next (D:\\desktop files\\my projects\\node intermediate\\social-media-microservice\\api-gateway\\node_modules\\express\\lib\\router\\index.js:280:10)\n    at expressInit (D:\\desktop files\\my projects\\node intermediate\\social-media-microservice\\api-gateway\\node_modules\\express\\lib\\middleware\\init.js:40:5)\n    at Layer.handle [as handle_request] (D:\\desktop files\\my projects\\node intermediate\\social-media-microservice\\api-gateway\\node_modules\\express\\lib\\router\\layer.js:95:5)\n    at trim_prefix (D:\\desktop files\\my projects\\node intermediate\\social-media-microservice\\api-gateway\\node_modules\\express\\lib\\router\\index.js:328:13)\n    at D:\\desktop files\\my projects\\node intermediate\\social-media-microservice\\api-gateway\\node_modules\\express\\lib\\router\\index.js:286:9","service":"api-gateway","timestamp":"2025-03-13T11:33:57.996Z"}
{"level":"error","message":"Proxy error: ","service":"api-gateway","timestamp":"2025-03-15T04:00:27.887Z"}
{"level":"error","message":"Proxy error: ","service":"api-gateway","timestamp":"2025-03-15T04:00:48.002Z"}
{"level":"error","message":"Proxy error: ","service":"api-gateway","timestamp":"2025-03-15T04:35:54.352Z"}
{"level":"error","message":"Proxy error: read ECONNRESET","service":"api-gateway","timestamp":"2025-03-15T07:20:06.669Z"}
{"level":"error","message":"Proxy error: read ECONNRESET","service":"api-gateway","timestamp":"2025-03-15T07:20:06.670Z"}
{"level":"error","message":"Proxy error: read ECONNRESET","service":"api-gateway","timestamp":"2025-03-15T07:20:50.300Z"}
{"level":"error","message":"Proxy error: read ECONNRESET","service":"api-gateway","timestamp":"2025-03-15T07:21:58.804Z"}
{"level":"error","message":"SyntaxError: Unexpected non-whitespace character after JSON at position 83\n    at JSON.parse (<anonymous>)\n    at parse (D:\\desktop files\\my projects\\node intermediate\\social-media-microservice\\api-gateway\\node_modules\\body-parser\\lib\\types\\json.js:92:19)\n    at D:\\desktop files\\my projects\\node intermediate\\social-media-microservice\\api-gateway\\node_modules\\body-parser\\lib\\read.js:128:18\n    at AsyncResource.runInAsyncScope (node:async_hooks:206:9)\n    at invokeCallback (D:\\desktop files\\my projects\\node intermediate\\social-media-microservice\\api-gateway\\node_modules\\raw-body\\index.js:238:16)\n    at done (D:\\desktop files\\my projects\\node intermediate\\social-media-microservice\\api-gateway\\node_modules\\raw-body\\index.js:227:7)\n    at IncomingMessage.onEnd (D:\\desktop files\\my projects\\node intermediate\\social-media-microservice\\api-gateway\\node_modules\\raw-body\\index.js:287:7)\n    at IncomingMessage.emit (node:events:519:28)\n    at endReadableNT (node:internal/streams/readable:1696:12)\n    at process.processTicksAndRejections (node:internal/process/task_queues:82:21)","service":"api-gateway","timestamp":"2025-03-15T17:27:37.237Z"}
{"level":"error","message":"Proxy error: ","service":"api-gateway","timestamp":"2025-03-15T20:13:10.666Z"}
{"level":"error","message":"Proxy error: Cannot read properties of undefined (reading 'startsWith')","service":"api-gateway","timestamp":"2025-03-15T20:14:24.610Z"}
{"level":"error","message":"Proxy error: ","service":"api-gateway","timestamp":"2025-03-15T20:16:36.508Z"}
{"level":"error","message":"Proxy error: socket hang up","service":"api-gateway","timestamp":"2025-03-15T20:53:44.854Z"}
{"level":"error","message":"Proxy error: read ECONNRESET","service":"api-gateway","timestamp":"2025-03-15T20:56:01.699Z"}
{"level":"error","message":"Proxy error: read ECONNRESET","service":"api-gateway","timestamp":"2025-03-15T20:58:35.844Z"}
{"level":"error","message":"Proxy error: ","service":"api-gateway","timestamp":"2025-03-16T09:04:06.229Z"}
{"level":"error","message":"Proxy error: ","service":"api-gateway","timestamp":"2025-03-16T09:04:46.856Z"}
{"level":"error","message":"Proxy error: ","service":"api-gateway","timestamp":"2025-03-16T09:07:07.363Z"}
{"level":"error","message":"Proxy error: ","service":"api-gateway","timestamp":"2025-03-16T09:08:04.790Z"}
{"level":"error","message":"Proxy error: read ECONNRESET","service":"api-gateway","timestamp":"2025-03-18T07:51:56.212Z"}
{"level":"error","message":"Proxy error: read ECONNRESET","service":"api-gateway","timestamp":"2025-03-18T08:07:38.782Z"}
